<?xml version="1.0" encoding="UTF-8"?>
<!-- Generated by org.testng.reporters.JUnitReportReporter -->
<testsuite skipped="0" hostname="DESKTOP-A9DN365" name="com.testNgTestCases.TestNgClass2" tests="2" failures="0" timestamp="30 Sep 2021 02:18:13 GMT" time="1.464" errors="0">
  <testcase name="validateGMOonlineLoadedSuccessfully" time="0.055" classname="com.testNgTestCases.TestNgClass2"/>
  <testcase name="ValidateOnLineCatalogLoadedSuccessfullyandCalculatedPriceAccurately" time="1.409" classname="com.testNgTestCases.TestNgClass2"/>
</testsuite> <!-- com.testNgTestCases.TestNgClass2 -->
