<?xml version="1.0" encoding="UTF-8"?>
<!-- Generated by org.testng.reporters.JUnitReportReporter -->
<testsuite skipped="0" hostname="DESKTOP-A9DN365" name="com.testNgConcepts.TestNgClass1" tests="14" failures="0" timestamp="25 Sep 2021 02:33:33 GMT" time="0.058" errors="0">
  <testcase name="Testcase4" time="0.009" classname="com.testNgConcepts.TestNgClass1"/>
  <testcase name="testcase1" time="0.003" classname="com.testNgConcepts.TestNgClass1"/>
  <testcase name="Testcase2" time="0.002" classname="com.testNgConcepts.TestNgClass1"/>
  <testcase name="Testcase3" time="0.002" classname="com.testNgConcepts.TestNgClass1"/>
  <testcase name="Testcase5" time="0.008" classname="com.testNgConcepts.TestNgClass1"/>
  <testcase name="Testcase5" time="0.004" classname="com.testNgConcepts.TestNgClass1"/>
  <testcase name="Testcase5" time="0.004" classname="com.testNgConcepts.TestNgClass1"/>
  <testcase name="Testcase5" time="0.005" classname="com.testNgConcepts.TestNgClass1"/>
  <testcase name="Testcase5" time="0.002" classname="com.testNgConcepts.TestNgClass1"/>
  <testcase name="Testcase5" time="0.001" classname="com.testNgConcepts.TestNgClass1"/>
  <testcase name="Testcase5" time="0.002" classname="com.testNgConcepts.TestNgClass1"/>
  <testcase name="Testcase5" time="0.007" classname="com.testNgConcepts.TestNgClass1"/>
  <testcase name="Testcase5" time="0.005" classname="com.testNgConcepts.TestNgClass1"/>
  <testcase name="Testcase5" time="0.004" classname="com.testNgConcepts.TestNgClass1"/>
</testsuite> <!-- com.testNgConcepts.TestNgClass1 -->
