<?xml version="1.0" encoding="UTF-8"?>
<!-- Generated by org.testng.reporters.JUnitReportReporter -->
<testsuite skipped="0" hostname="DESKTOP-A9DN365" name="com.testNgConcepts.TestNgClass2" tests="1" failures="0" timestamp="28 Sep 2021 02:30:15 GMT" time="0.037" errors="0">
  <testcase name="validateGMOonlineLoadedSuccessfully" time="0.037" classname="com.testNgConcepts.TestNgClass2"/>
</testsuite> <!-- com.testNgConcepts.TestNgClass2 -->
