<?xml version="1.0" encoding="UTF-8"?>
<!-- Generated by org.testng.reporters.JUnitReportReporter -->
<testsuite skipped="0" hostname="DESKTOP-A9DN365" name="com.testNgTestCases.TestNgClass3" tests="4" failures="0" timestamp="09 Oct 2021 02:38:52 GMT" time="7.635" errors="0">
  <testcase name="validateGMOonlineLoadedSuccessfully" time="0.019" classname="com.testNgTestCases.TestNgClass3"/>
  <testcase name="ValidateOnLineCatalogLoadedSuccessfully" time="1.330" classname="com.testNgTestCases.TestNgClass3"/>
  <testcase name="ValidatePriceCalculationInPlaceorderPage" time="0.200" classname="com.testNgTestCases.TestNgClass3"/>
  <testcase name="ValidateHandlingAlerts" time="6.086" classname="com.testNgTestCases.TestNgClass3"/>
</testsuite> <!-- com.testNgTestCases.TestNgClass3 -->
