<?xml version="1.0" encoding="UTF-8"?>
<!-- Generated by org.testng.reporters.JUnitReportReporter -->
<testsuite skipped="0" hostname="DESKTOP-A9DN365" name="com.testNg.concepts.TestngParamters" tests="2" failures="0" timestamp="02 Oct 2021 02:31:44 GMT" time="15.926" errors="0">
  <testcase name="OpenBrowser" time="15.911" classname="com.testNg.concepts.TestngParamters"/>
  <testcase name="FillLoginForm" time="0.015" classname="com.testNg.concepts.TestngParamters"/>
</testsuite> <!-- com.testNg.concepts.TestngParamters -->
