<?xml version="1.0" encoding="UTF-8"?>
<!-- Generated by org.testng.reporters.JUnitReportReporter -->
<testsuite skipped="0" hostname="DESKTOP-A9DN365" name="com.testNgTestCases.TestNgClass3" tests="1" failures="0" timestamp="12 Oct 2021 02:24:24 GMT" time="11.534" errors="0">
  <testcase name="ValidateHandlingAlerts" time="11.534" classname="com.testNgTestCases.TestNgClass3"/>
</testsuite> <!-- com.testNgTestCases.TestNgClass3 -->
