<?xml version="1.0" encoding="UTF-8"?>
<!-- Generated by org.testng.reporters.JUnitReportReporter -->
<testsuite skipped="0" hostname="DESKTOP-A9DN365" name="com.testNgTestCases.TestNgClass4" tests="1" failures="0" timestamp="14 Oct 2021 02:45:52 GMT" time="74.892" errors="0">
  <testcase name="ValidtateHandlingOfFrames" time="74.892" classname="com.testNgTestCases.TestNgClass4"/>
</testsuite> <!-- com.testNgTestCases.TestNgClass4 -->
